Jan 18 10:37 : exception: Failed to open /home/chaos/.config/mpd/state: No such file or directory
Jan 18 10:37 : exception: OutputThread could not get realtime scheduling, continuing anyway: sched_setscheduler failed: Operation not permitted
Jan 18 10:37 : update: added /Do You Know - Enrique Iglesias [MP3 320kbps].mp3
Jan 18 10:37 : update: added Music/Rockers - Kill the Noise [MP3 320kbps].mp3
Jan 18 10:37 : update: added Music/Counting Stars - One Republic [MP3 320kbps].mp3
Jan 18 10:37 : update: added Music/Monarch.mp3
Jan 18 10:37 : update: added Music/Lay It All on Me - Ed Sheeran_ Rudimenta [MP3 320kbps].mp3
Jan 18 10:37 : update: added Music/Buc Tranh Tu Nuoc Mat - Mr Siro.mp3
Jan 18 10:37 : update: added Music/Monstercat - Monstercat - Best of 2014 (2015) [320kbps MP3] SneaKyTPB/11 Savage.mp3
Jan 18 10:37 : update: added Music/Monstercat - Monstercat - Best of 2014 (2015) [320kbps MP3] SneaKyTPB/25 Atlantic.mp3
Jan 18 10:37 : update: added Music/Monstercat - Monstercat - Best of 2014 (2015) [320kbps MP3] SneaKyTPB/22 This Is Forever (feat. Danyka Nadeau).mp3
Jan 18 10:37 : update: added Music/Monstercat - Monstercat - Best of 2014 (2015) [320kbps MP3] SneaKyTPB/27 One Look (feat. Mammals).mp3
Jan 18 10:37 : update: added Music/Monstercat - Monstercat - Best of 2014 (2015) [320kbps MP3] SneaKyTPB/01 Surface.mp3
Jan 18 10:37 : update: added Music/Monstercat - Monstercat - Best of 2014 (2015) [320kbps MP3] SneaKyTPB/16 Top of the World 2.mp3
Jan 18 10:37 : update: added Music/Monstercat - Monstercat - Best of 2014 (2015) [320kbps MP3] SneaKyTPB/29 Scribble (feat. The Eden Project).mp3
Jan 18 10:37 : update: added Music/Monstercat - Monstercat - Best of 2014 (2015) [320kbps MP3] SneaKyTPB/17 Champions (feat. Harry Brooks Jnr).mp3
Jan 18 10:37 : update: added Music/Monstercat - Monstercat - Best of 2014 (2015) [320kbps MP3] SneaKyTPB/03 Hero (feat. Elizaveta).mp3
Jan 18 10:37 : update: added Music/Scylla.flac
Jan 18 10:37 : update: added Music/Grace - Lee Soo Young [MP3 320kbps].mp3
Jan 18 10:37 : update: added Music/No Twerk - Apashe_ Panther_ Odalisk [MP3 320kbps].mp3
Jan 18 10:37 : update: added Music/I Cry - Shayne Ward [MP3 320kbps].mp3
Jan 18 10:37 : update: added Music/Tau Thich Mi - Lil Pig [MP3 256kbps].mp3
Jan 18 10:37 : update: added Music/We Don_t Talk Anymore - Charlie Puth_ Se [MP3 320kbps].mp3
Jan 18 10:37 : update: added Music/Monstercat 025 - Threshold/15 Rogue - Drive Away.mp3
Jan 18 10:37 : update: added Music/Monstercat 025 - Threshold/08 Aero Chord & Klaypex - Be Free.mp3
Jan 18 10:37 : update: added Music/Monstercat 025 - Threshold/24 Varien & Mr FijiWiji - We Are The Lights.mp3
Jan 18 10:37 : update: added Music/Monstercat 025 - Threshold/29 Au5 & Fractal -  Ison.mp3
Jan 18 10:37 : update: added Music/TheFatRat - Windfall.mp3
Jan 18 10:37 : update: added Music/Vo Nguoi Ta Hoaprox Remix_ - Phan Manh Q [MP3 320kbps].mp3
Jan 18 10:37 : update: added Music/Photograph - Ed Sheeran.mp3
Jan 18 10:37 : update: added Music/Don Dau Anh Van Yeu - Chau Khai Phong [MP3 320kbps].mp3
Jan 18 10:37 : update: added Music/Tinh Doi - Le Quyen [MP3 320kbps].mp3
Jan 18 10:37 : update: added Music/Saints Row- The Third.mp3
Jan 18 10:37 : update: added Music/Loi Tu Su - Ung Dai Ve [MP3 320kbps].mp3
Jan 18 10:37 : update: added Music/Try It Out Put Em Up Mix_ - Skrillex_ Al [MP3 320kbps].mp3
Jan 18 10:37 : update: added Music/Until You - Shayne Ward [MP3 320kbps].mp3
Jan 18 10:37 : update: added Music/Fly with me.mp3
Jan 18 10:37 : update: added Music/Loi Con Xin Chua - Y Phuong [MP3 320kbps].mp3
Jan 18 10:37 : update: added Music/Phia Sau Mot Co Gai - Soobin Hoang Son [MP3 320kbps].mp3
Jan 18 10:37 : update: added Music/Hello - Adele [MP3 320kbps].mp3
Jan 18 10:37 : update: added Music/Get Low - DJ Snake_ Dillon Francis [MP3 320kbps].mp3
Jan 18 10:37 : update: added Music/Vi Mat Di Anh Mat Troi - Trung Quan Idol.mp3
Jan 18 10:37 : update: added Music/Let Her Go- - Passenger (Grand Piano Cover).mp3
Jan 18 10:37 : update: added Music/Tam Su Voi Nguoi La - Tien Cookie [MP3 320kbps].mp3
Jan 18 10:37 : update: added Music/Chan Tinh Chan My - Ton Nam_ Hua Nhu Van [MP3 320kbps].mp3
Jan 18 10:37 : update: added Music/Loi Cuoi Anh Viet - Chi Dan [MP3 320kbps].mp3
Jan 18 10:37 : update: added Music/Last Friday Night T_G_I_F_ - Katy Perry [MP3 320kbps].mp3
Jan 18 10:37 : update: added Music/Wake Me Up - Avicii_ Aloe Blacc [MP3 320kbps].mp3
Jan 18 10:37 : update: added Music/Ta La Tat Ca Cua Nhau - Tim_ Truong Quyn [MP3 320kbps].mp3
Jan 18 10:37 : update: added Music/KPM Music - A Bass Renaissance.mp3
Jan 18 10:37 : update: added Music/The Place.mp3
Jan 18 10:37 : update: added Music/When I Was Your Man - Bruno Mars [MP3 320kbps].mp3
Jan 18 10:37 : update: added Music/Aloha - Cool.mp3
Jan 18 10:37 : update: added Music/Chua Bao Gio - Trung Quan [MP3 320kbps].mp3
Jan 18 10:37 : update: added Music/Pho Dem - Dan Nguyen_ Tam Doan [MP3 320kbps].mp3
Jan 18 10:37 : update: added Music/Already So - Cool.mp3
Jan 18 10:37 : update: added Music/Dua Nhau Di Tron - Den_ Fox [MP3 320kbps].mp3
Jan 18 10:37 : update: added Music/Giac Mo Cua Anh - Mr Siro [MP3 320kbps].mp3
Jan 18 10:37 : update: added Music/Breathless - Shayne Ward.mp3
Jan 18 10:37 : update: added Music/Let Her Go - Passenger [MP3 320kbps].mp3
Jan 18 10:37 : update: added Music/No Promises - Shayne Ward [MP3 320kbps].mp3
Jan 18 10:37 : update: added Music/RelaxDaily+-+Background+Music+Instrumentals+-+B-Sides+N°1+Hour+2(music.naij.com).mp3
Jan 18 10:37 : update: added Music/Neu Em Con Ton Tai - Trinh Dinh Quang [MP3 320kbps].mp3
Jan 18 10:37 : update: added Music/Thumbs Up - Kill the Noise [MP3 320kbps].mp3
Jan 18 10:37 : update: added Music/chantinhTQ.mp3
Jan 18 10:37 : update: added Music/Lam Vo Anh Nhe - Chi Dan [MP3 320kbps].mp3
Jan 18 10:37 : update: added Music/The Vision (feat Born I Music).mp3
Jan 18 10:37 : update: added Music/Het Roi - Ho Quang Hieu [MP3 320kbps].mp3
Jan 18 10:37 : update: added Music/Tell Me Why - Mr_A [MP3 320kbps].mp3
Jan 18 10:37 : update: added Music/Move Into Light Koven remix_ - Juventa_E [MP3 320kbps].mp3
Jan 18 10:37 : update: added Music/Roar - Katy Pery [MP3 320kbps].mp3
Jan 18 10:37 : update: added Music/Giac Mo Trua - Thuy Chi [MP3 320kbps].mp3
Jan 18 10:37 : update: added Music/You_re Not Alone - Shayne Ward [MP3 320kbps].mp3
Jan 18 10:37 : update: added Music/I Do - 911 [MP3 320kbps].mp3
Jan 18 10:37 : update: added Music/Waiting For Love - Avicii [MP3 320kbps].mp3
Jan 18 10:37 : update: added Music/Dep Trai Thi Moi Co Nhieu Dua Yeu Hoapro [MP3 320kbps].mp3
Jan 18 10:37 : update: added Music/Lien Khuc_ Con Quy Lai Chua_ Tinh Nguoi [MP3 320kbps].mp3
Jan 18 10:37 : update: added Music/New York - Game Audition [MP3 128kbps].mp3
Jan 18 10:37 : update: added Music/Ong Ba Anh Live_ - Le Thien Hieu [MP3 320kbps].mp3
Jan 18 10:37 : update: added Music/Be What You Wanna Be - Darin.mp3
Jan 18 10:37 : update: added Music/Thinking Out Loud - Ed Sheeran [MP3 320kbps].mp3
Jan 18 10:37 : update: added Music/That Tinh - Trinh Dinh Quang [MP3 320kbps].mp3
Jan 18 10:37 : update: added Music/Apologize - Timbaland_ OneRepublic.mp3
Jan 18 10:37 : update: added Music/Feed Me's Family Reunion/Feed Me - American Cemetery.mp3
Jan 18 10:37 : update: added Music/Feed Me's Family Reunion/Feed Me - Stay Focused.mp3
Jan 18 10:37 : update: added Music/Feed Me's Family Reunion/Feed Me - Schizoid.mp3
Jan 18 10:37 : update: added Music/Feed Me's Family Reunion/Feed Me - What It Feels Like (feat. Nina Nesbitt).mp3
Jan 18 10:37 : update: added Music/Feed Me's Family Reunion/Feed Me - High Speed Weekend Survivor.mp3
Jan 18 10:37 : update: added Music/Feed Me's Family Reunion/Feed Me - Life Raft.mp3
Jan 18 10:37 : update: added Music/Feed Me's Family Reunion/Feed Me - Red Clouds (Serious Ting).mp3
Jan 18 10:37 : update: added Music/Feed Me's Family Reunion/Feed Me & KANEHOLLER - Trouble.mp3
Jan 18 10:37 : update: added Music/Khong Can Them Mot Ai Nua - Mr Siro_ Big [MP3 320kbps].mp3
Jan 18 10:37 : update: added Music/Bird Machine Jingle Bells.mp3
Jan 18 10:37 : update: added Music/Turn Down For What - DJ Snake_ Lil Jon [MP3 320kbps].mp3
Jan 18 10:37 : update: added Music/Dien May Xanh BeeBB Remix_ - BeeBB [MP3 320kbps].mp3
Jan 18 10:37 : update: added Music/Dark Horse - Katy Perry_ Juicy J [MP3 320kbps].mp3
Jan 18 10:37 : update: added Music/Con Tim Tan Vo - Phan Manh Quynh [MP3 320kbps].mp3
Jan 18 10:37 : update: added Music/Where We Belong Zomboy Remix_ - Fedde Le [MP3 320kbps].mp3
Jan 18 10:37 : update: added Music/HappyEndingAudition-Dangcapnhat_39a7.mp3
Jan 18 10:37 : update: added Music/Donkong x Fista Cuffs - Blackout.mp3
Jan 18 10:37 : update: added Music/Where Are Now - Skrillex_ Diplo_ Justin [MP3 320kbps].mp3
Jan 18 10:37 : update: added Music/Uptown Funk - Mark Ronson_ Bruno Mars [MP3 320kbps].mp3
Jan 18 10:37 : update: added Music/Dung Tin Em Manh Me - Jang Mi [MP3 320kbps].mp3
Jan 18 10:37 : update: added Music/Goi Ten Em Call My Name_ - Min [MP3 320kbps].mp3
Jan 18 10:37 : update: added Music/Liquid Dubstep Mix .mp3
Jan 18 10:37 : update: added Music/V.A - UKF Dubstep 2012 [iTunes] (2012-Album)/06 Still With Me (feat. Cristina Sot.mp3
Jan 18 10:37 : update: added Music/V.A - UKF Dubstep 2012 [iTunes] (2012-Album)/09 The Raver (Xilent Remix).mp3
Jan 18 10:37 : update: added Music/V.A - UKF Dubstep 2012 [iTunes] (2012-Album)/08 City 2 City (feat. Belle Humble).mp3
Jan 18 10:37 : update: added Music/V.A - UKF Dubstep 2012 [iTunes] (2012-Album)/03 Stabs.mp3
Jan 18 10:37 : update: added Music/V.A - UKF Dubstep 2012 [iTunes] (2012-Album)/07 Universe (feat. Shaz Sparks).mp3
Jan 18 10:37 : update: added Music/V.A - UKF Dubstep 2012 [iTunes] (2012-Album)/04 Whiskers.mp3
Jan 18 10:37 : update: added Music/V.A - UKF Dubstep 2012 [iTunes] (2012-Album)/02 Adrenaline.mp3
Jan 18 10:37 : update: added Music/V.A - UKF Dubstep 2012 [iTunes] (2012-Album)/01 Bring It Down.mp3
Jan 18 10:37 : update: added Music/Duyen Phan - Nhu Quynh [MP3 320kbps].mp3
Jan 18 10:37 : update: added Music/E-cologyk %26 Ruxell - Nebula.mp3
Jan 18 10:37 : update: added Music/Bird Machine Jingle Bells Version.mp3
Jan 18 10:37 : update: added Music/Saturn - Kill the Noise_ Brillz_ Minxx [MP3 320kbps].mp3
Jan 18 10:37 : update: added Music/Diplo - Revolution (SEAN&BOBO REMIX).mp3
Jan 18 10:37 : update: added Music/Bangarang.mp3
Jan 18 10:37 : update: added Music/Con Mua Suong Khoi - Trieu Vy [MP3 320kbps].mp3
Jan 18 10:37 : update: added Music/Sau Tat Ca - Erik ST_319 [MP3 320kbps].mp3
Jan 18 10:37 : update: added /Apashe - No Twerk (ft Panther x Odalisk).mp3
Jan 18 10:37 : update: added /Fly with me.mp3
Jan 18 10:37 : update: added /Duyen Phan - Nhu Quynh [MP3 320kbps].mp3
Jan 18 10:37 : avahi: Service 'Music Player' successfully established.
Jan 18 10:38 : exception: OutputThread could not get realtime scheduling, continuing anyway: sched_setscheduler failed: Operation not permitted
Jan 18 10:38 : avahi: Service 'Music Player' successfully established.
Jan 18 10:38 : exception: OutputThread could not get realtime scheduling, continuing anyway: sched_setscheduler failed: Operation not permitted
Jan 18 10:38 : avahi: Service 'Music Player' successfully established.
Jan 18 10:39 : exception: Failed to open "HDA Intel PCH - ALC663 Analog" [alsa]
Jan 18 10:39 : exception: nested: Failed to open ALSA device "hw:0,0": Device or resource busy
Jan 18 10:39 : exception: Failed to open "HDA Intel PCH - ALC663 Analog" [alsa]
Jan 18 10:39 : exception: nested: Failed to open ALSA device "hw:0,0": Device or resource busy
Jan 18 10:39 : player: problems opening audio device while playing "Music/Feed Me's Family Reunion/Feed Me - American Cemetery.mp3"
Jan 18 19:36 : player: played "Music/Feed Me's Family Reunion/Feed Me - American Cemetery.mp3"
Jan 20 10:39 : exception: OutputThread could not get realtime scheduling, continuing anyway: sched_setscheduler failed: Operation not permitted
Jan 20 10:39 : avahi: Service 'Music Player' successfully established.
Jan 20 10:39 : exception: Failed to open "HDA Intel PCH - ALC663 Analog" [alsa]
Jan 20 10:39 : exception: nested: Failed to open ALSA device "hw:0,0": Device or resource busy
Jan 20 10:39 : exception: Failed to open "HDA Intel PCH - ALC663 Analog" [alsa]
Jan 20 10:39 : exception: nested: Failed to open ALSA device "hw:0,0": Device or resource busy
Jan 20 10:39 : player: played "Music/Feed Me's Family Reunion/Feed Me & KANEHOLLER - Trouble.mp3"
